<?xml version="1.0" encoding="UTF-8"?>
<testsuite xmlns:xsi="http://www.w3.org/2001/XMLSchema-instance" xsi:noNamespaceSchemaLocation="https://maven.apache.org/surefire/maven-surefire-plugin/xsd/surefire-test-report-3.0.xsd" version="3.0" name="com.unife.project.model.dao.AnimaleDAOImplTest" time="0.91" tests="4" errors="0" skipped="0" failures="0">
  <properties>
[...]
</properties>
  <testcase name="testSave" classname="com.unife.project.model.dao.AnimaleDAOImplTest" time="0.823">
    <system-out><![CDATA[Un nuovo animale Ã¨ stato inserito correttamente!
]]></system-out>
  </testcase>
  <testcase name="testFindById" classname="com.unife.project.model.dao.AnimaleDAOImplTest" time="0.012"/>
  <testcase name="testDelete" classname="com.unife.project.model.dao.AnimaleDAOImplTest" time="0.003">
    <system-out><![CDATA[L'animale Ã¨ stato eliminato correttamente!
]]></system-out>
  </testcase>
  <testcase name="testUpdate" classname="com.unife.project.model.dao.AnimaleDAOImplTest" time="0.03"/>
</testsuite>